<?xml version="1.0" encoding="UTF-8"?>
<!-- Generated by org.testng.reporters.JUnitReportReporter -->
<testsuite hostname="QSP" failures="0" tests="1" name="com.Ty.Github.TestScripts.Demo" time="0.004" errors="0" timestamp="2022-04-04T19:33:22 IST" skipped="0">
  <testcase classname="com.Ty.Github.TestScripts.Demo" name="tc1" time="0.004"/>
  <system-out>
Hello api  </system-out>
</testsuite> <!-- com.Ty.Github.TestScripts.Demo -->
