<?xml version="1.0" encoding="UTF-8"?>
<!-- Generated by org.testng.reporters.JUnitReportReporter -->
<testsuite hostname="QSP" failures="0" tests="1" name="com.Ty.Github.TestScripts.Demo2" time="0.013" errors="0" timestamp="2022-04-04T19:33:22 IST" skipped="0">
  <testcase classname="com.Ty.Github.TestScripts.Demo2" name="tc2" time="0.013"/>
  <system-out>
Hello Postaman heelo  </system-out>
</testsuite> <!-- com.Ty.Github.TestScripts.Demo2 -->
