<?xml version="1.0" encoding="UTF-8"?>
<!-- Generated by org.testng.reporters.JUnitReportReporter -->
<testsuite hostname="QSP" failures="0" tests="1" name="com.Ty.Github.TestScripts.PostOperation" time="4.777" errors="0" timestamp="2022-04-04T19:35:58 IST" skipped="0">
  <testcase classname="com.Ty.Github.TestScripts.PostOperation" name="tc2" time="4.777"/>
  <system-out>
Post operation is scuccess The dynamic reponame weekendapi1908 repo is updated successfully repo is deleted successfully  </system-out>
</testsuite> <!-- com.Ty.Github.TestScripts.PostOperation -->
