<?xml version="1.0" encoding="UTF-8"?>
<!-- Generated by org.testng.reporters.JUnitReportReporter -->
<testsuite hostname="QSP" failures="0" tests="1" name="com.Ty.Github.TestScripts.GetOperation" time="2.997" errors="0" timestamp="2022-04-04T19:35:58 IST" skipped="0">
  <testcase classname="com.Ty.Github.TestScripts.GetOperation" name="tc1" time="2.997"/>
  <system-out>
getOperation is succesfull  </system-out>
</testsuite> <!-- com.Ty.Github.TestScripts.GetOperation -->
