<?xml version="1.0" encoding="UTF-8"?>
<!-- Generated by org.testng.reporters.JUnitReportReporter -->
<testsuite hostname="QSP" failures="0" tests="1" name="com.Ty.Github.TestScripts.GetOperation" time="4.064" errors="0" timestamp="2022-01-23T08:28:20 IST" skipped="0">
  <testcase classname="com.Ty.Github.TestScripts.GetOperation" name="tc1" time="4.064"/>
  <system-out>
getOperation is succesfull  </system-out>
</testsuite> <!-- com.Ty.Github.TestScripts.GetOperation -->
